<?xml version="1.0" encoding="UTF-8"?>
<!-- Generated by org.testng.reporters.JUnitXMLReporter -->
<testsuite hostname="rajib" name="Test" tests="8" failures="2" timestamp="10 Apr 2017 19:02:57 GMT" time="309.848" errors="0">
  <testcase name="testOnSignupPage" time="0.183" classname="com.hotels.rajib_maven4617.rajibTest1"/>
  <testcase name="hotelSearch" time="1.45" classname="com.hotels.rajib_maven4617.rajibTest2"/>
  <testcase name="checkWithFacebookID" time="8.685" classname="com.hotels.rajib_maven4617.rajibTest3"/>
  <testcase name="dateCheck" time="2.616" classname="com.hotels.rajib_maven4617.rajibTest4"/>
  <testcase name="completeSearch" time="3.336" classname="com.hotels.rajib_maven4617.rajibTest5">
    <failure type="org.openqa.selenium.WebDriverException" message="unknown error: Element &amp;lt;input type=&amp;quot;text&amp;quot; class=&amp;quot;query-localised-check-in &amp;quot; name=&amp;quot;q-localised-check-in&amp;quot; id=&amp;quot;qf-0q-localised-check-in&amp;quot; placeholder=&amp;quot;mm/dd/yy&amp;quot; aria-haspopup=&amp;quot;true&amp;quot; aria-labelledby=&amp;quot;widget-query-label-1 widget-query-label-2&amp;quot; autocomplete=&amp;quot;off&amp;quot;&amp;gt; is not clickable at point (195, 265). Other element would receive the click: &amp;lt;div class=&amp;quot;autosuggest-category-result&amp;quot;&amp;gt;...&amp;lt;/div&amp;gt;
  (Session info: chrome=57.0.2987.98)
  (Driver info: chromedriver=2.28.455520 (cc17746adff54984afff480136733114c6b3704b),platform=Windows NT 10.0.14393 x86_64) (WARNING: The server did not provide any stacktrace information)
Command duration or timeout: 155 milliseconds
Build info: version: &amp;apos;3.0.1&amp;apos;, revision: &amp;apos;1969d75&amp;apos;, time: &amp;apos;2016-10-18 09:49:13 -0700&amp;apos;
System info: host: &amp;apos;rajib&amp;apos;, ip: &amp;apos;192.168.12.46&amp;apos;, os.name: &amp;apos;Windows 10&amp;apos;, os.arch: &amp;apos;amd64&amp;apos;, os.version: &amp;apos;10.0&amp;apos;, java.version: &amp;apos;1.8.0_121&amp;apos;
Driver info: org.openqa.selenium.chrome.ChromeDriver
Capabilities [{applicationCacheEnabled=false, rotatable=false, mobileEmulationEnabled=false, networkConnectionEnabled=false, chrome={chromedriverVersion=2.28.455520 (cc17746adff54984afff480136733114c6b3704b), userDataDir=C:\Users\rajib_pc\AppData\Local\Temp\scoped_dir14828_19067}, takesHeapSnapshot=true, pageLoadStrategy=normal, databaseEnabled=false, handlesAlerts=true, hasTouchScreen=false, version=57.0.2987.98, platform=XP, browserConnectionEnabled=false, nativeEvents=true, acceptSslCerts=true, locationContextEnabled=true, webStorageEnabled=true, browserName=chrome, takesScreenshot=true, javascriptEnabled=true, cssSelectorsEnabled=true, unexpectedAlertBehaviour=}]
Session ID: 9bfc137dc9c00f8a965d58e68f6a4f61">
      <![CDATA[org.openqa.selenium.WebDriverException: unknown error: Element <input type="text" class="query-localised-check-in " name="q-localised-check-in" id="qf-0q-localised-check-in" placeholder="mm/dd/yy" aria-haspopup="true" aria-labelledby="widget-query-label-1 widget-query-label-2" autocomplete="off"> is not clickable at point (195, 265). Other element would receive the click: <div class="autosuggest-category-result">...</div>
  (Session info: chrome=57.0.2987.98)
  (Driver info: chromedriver=2.28.455520 (cc17746adff54984afff480136733114c6b3704b),platform=Windows NT 10.0.14393 x86_64) (WARNING: The server did not provide any stacktrace information)
Command duration or timeout: 155 milliseconds
Build info: version: '3.0.1', revision: '1969d75', time: '2016-10-18 09:49:13 -0700'
System info: host: 'rajib', ip: '192.168.12.46', os.name: 'Windows 10', os.arch: 'amd64', os.version: '10.0', java.version: '1.8.0_121'
Driver info: org.openqa.selenium.chrome.ChromeDriver
Capabilities [{applicationCacheEnabled=false, rotatable=false, mobileEmulationEnabled=false, networkConnectionEnabled=false, chrome={chromedriverVersion=2.28.455520 (cc17746adff54984afff480136733114c6b3704b), userDataDir=C:\Users\rajib_pc\AppData\Local\Temp\scoped_dir14828_19067}, takesHeapSnapshot=true, pageLoadStrategy=normal, databaseEnabled=false, handlesAlerts=true, hasTouchScreen=false, version=57.0.2987.98, platform=XP, browserConnectionEnabled=false, nativeEvents=true, acceptSslCerts=true, locationContextEnabled=true, webStorageEnabled=true, browserName=chrome, takesScreenshot=true, javascriptEnabled=true, cssSelectorsEnabled=true, unexpectedAlertBehaviour=}]
Session ID: 9bfc137dc9c00f8a965d58e68f6a4f61
	at org.openqa.selenium.remote.ErrorHandler.createThrowable(ErrorHandler.java:216)
	at org.openqa.selenium.remote.ErrorHandler.throwIfResponseFailed(ErrorHandler.java:168)
	at org.openqa.selenium.remote.RemoteWebDriver.execute(RemoteWebDriver.java:635)
	at org.openqa.selenium.remote.RemoteWebElement.execute(RemoteWebElement.java:274)
	at org.openqa.selenium.remote.RemoteWebElement.click(RemoteWebElement.java:84)
	at com.hotels.rajib_maven4617.Base17.clickOn(Base17.java:100)
	at com.hotels.rajib_maven4617.Landingpage17.clickOnButton(Landingpage17.java:63)
	at com.hotels.rajib_maven4617.rajibTest5.completeSearch(rajibTest5.java:17)
... Removed 28 stack frames]]>
    </failure>
  </testcase> <!-- completeSearch -->
  <testcase name="userAccount" time="12.959" classname="com.hotels.rajib_maven4617.rajibTest6"/>
  <testcase name="googleAccount" time="12.095" classname="com.hotels.rajib_maven4617.rajibTest7"/>
  <testcase name="check" time="47.376" classname="com.hotels.rajib_maven4617.rajibTest8">
    <failure type="org.openqa.selenium.TimeoutException" message="Expected condition failed: Webdriver waited for 15 seconds but still could not find the element therefore Timeout Exception has been thrown (tried for 15 second(s) with 1 SECONDS interval)
Build info: version: &amp;apos;3.0.1&amp;apos;, revision: &amp;apos;1969d75&amp;apos;, time: &amp;apos;2016-10-18 09:49:13 -0700&amp;apos;
System info: host: &amp;apos;rajib&amp;apos;, ip: &amp;apos;192.168.12.46&amp;apos;, os.name: &amp;apos;Windows 10&amp;apos;, os.arch: &amp;apos;amd64&amp;apos;, os.version: &amp;apos;10.0&amp;apos;, java.version: &amp;apos;1.8.0_121&amp;apos;
Driver info: driver.version: unknown">
      <![CDATA[org.openqa.selenium.TimeoutException: Expected condition failed: Webdriver waited for 15 seconds but still could not find the element therefore Timeout Exception has been thrown (tried for 15 second(s) with 1 SECONDS interval)
Build info: version: '3.0.1', revision: '1969d75', time: '2016-10-18 09:49:13 -0700'
System info: host: 'rajib', ip: '192.168.12.46', os.name: 'Windows 10', os.arch: 'amd64', os.version: '10.0', java.version: '1.8.0_121'
Driver info: driver.version: unknown
	at org.openqa.selenium.support.ui.FluentWait.timeoutException(FluentWait.java:296)
	at org.openqa.selenium.support.ui.FluentWait.until(FluentWait.java:265)
	at com.hotels.rajib_maven4617.Base17.webDriverFluentWait(Base17.java:31)
	at com.hotels.rajib_maven4617.Base17.selectItems(Base17.java:89)
	at com.hotels.rajib_maven4617.rajibTest8.check(rajibTest8.java:24)
Caused by: org.openqa.selenium.NoSuchElementException: no such element: Unable to locate element: {"method":"id","selector":"qf-0q-compact-occupancy"}
  (Session info: chrome=57.0.2987.98)
  (Driver info: chromedriver=2.28.455520 (cc17746adff54984afff480136733114c6b3704b),platform=Windows NT 10.0.14393 x86_64) (WARNING: The server did not provide any stacktrace information)
Command duration or timeout: 20.06 seconds
For documentation on this error, please visit: http://seleniumhq.org/exceptions/no_such_element.html
Build info: version: '3.0.1', revision: '1969d75', time: '2016-10-18 09:49:13 -0700'
System info: host: 'rajib', ip: '192.168.12.46', os.name: 'Windows 10', os.arch: 'amd64', os.version: '10.0', java.version: '1.8.0_121'
Driver info: org.openqa.selenium.chrome.ChromeDriver
Capabilities [{applicationCacheEnabled=false, rotatable=false, mobileEmulationEnabled=false, networkConnectionEnabled=false, chrome={chromedriverVersion=2.28.455520 (cc17746adff54984afff480136733114c6b3704b), userDataDir=C:\Users\rajib_pc\AppData\Local\Temp\scoped_dir29572_16017}, takesHeapSnapshot=true, pageLoadStrategy=normal, databaseEnabled=false, handlesAlerts=true, hasTouchScreen=false, version=57.0.2987.98, platform=XP, browserConnectionEnabled=false, nativeEvents=true, acceptSslCerts=true, locationContextEnabled=true, webStorageEnabled=true, browserName=chrome, takesScreenshot=true, javascriptEnabled=true, cssSelectorsEnabled=true, unexpectedAlertBehaviour=}]
Session ID: f5ed88e6092c0660e75879163d117b31
*** Element info: {Using=id, value=qf-0q-compact-occupancy}
	at org.openqa.selenium.remote.ErrorHandler.createThrowable(ErrorHandler.java:216)
	at org.openqa.selenium.remote.ErrorHandler.throwIfResponseFailed(ErrorHandler.java:168)
	at org.openqa.selenium.remote.RemoteWebDriver.execute(RemoteWebDriver.java:635)
	at org.openqa.selenium.remote.RemoteWebDriver.findElement(RemoteWebDriver.java:368)
	at org.openqa.selenium.remote.RemoteWebDriver.findElementById(RemoteWebDriver.java:417)
	at org.openqa.selenium.By$ById.findElement(By.java:218)
	at org.openqa.selenium.remote.RemoteWebDriver.findElement(RemoteWebDriver.java:360)
	at com.hotels.rajib_maven4617.Base17$1.apply(Base17.java:33)
	at com.hotels.rajib_maven4617.Base17$1.apply(Base17.java:1)
	at org.openqa.selenium.support.ui.FluentWait.until(FluentWait.java:238)
	... 27 more
... Removed 28 stack frames]]>
    </failure>
  </testcase> <!-- check -->
</testsuite> <!-- Test -->
