<?xml version="1.0" encoding="UTF-8"?>
<!-- Generated by org.testng.reporters.JUnitXMLReporter -->
<testsuite hostname="rajib" name="Test" tests="8" failures="0" timestamp="10 Apr 2017 18:41:08 GMT" time="0.152" errors="0">
  <testcase name="@BeforeClass inirtializeDriver" time="0.0" classname="com.hotels.rajib_maven4617.rajibTest1">
    <failure type="java.lang.NoClassDefFoundError" message="org/apache/http/conn/SchemePortResolver">
      <![CDATA[java.lang.NoClassDefFoundError: org/apache/http/conn/SchemePortResolver
	at org.openqa.selenium.remote.internal.ApacheHttpClient$Factory.getDefaultHttpClientFactory(ApacheHttpClient.java:250)
	at org.openqa.selenium.remote.internal.ApacheHttpClient$Factory.<init>(ApacheHttpClient.java:227)
	at org.openqa.selenium.remote.HttpCommandExecutor.getDefaultClientFactory(HttpCommandExecutor.java:92)
	at org.openqa.selenium.remote.HttpCommandExecutor.<init>(HttpCommandExecutor.java:71)
	at org.openqa.selenium.remote.service.DriverCommandExecutor.<init>(DriverCommandExecutor.java:62)
	at org.openqa.selenium.chrome.ChromeDriverCommandExecutor.<init>(ChromeDriverCommandExecutor.java:40)
	at org.openqa.selenium.chrome.ChromeDriver.<init>(ChromeDriver.java:174)
	at org.openqa.selenium.chrome.ChromeDriver.<init>(ChromeDriver.java:163)
	at org.openqa.selenium.chrome.ChromeDriver.<init>(ChromeDriver.java:120)
	at com.hotels.rajib_maven4617.WebDriverFactory17.inirtializeDriver(WebDriverFactory17.java:24)
Caused by: java.lang.ClassNotFoundException: org.apache.http.conn.SchemePortResolver
	at java.net.URLClassLoader.findClass(Unknown Source)
	at java.lang.ClassLoader.loadClass(Unknown Source)
	at sun.misc.Launcher$AppClassLoader.loadClass(Unknown Source)
	at java.lang.ClassLoader.loadClass(Unknown Source)
	... 37 more
... Removed 27 stack frames]]>
    </failure>
  </testcase> <!-- @BeforeClass inirtializeDriver -->
  <testcase name="@AfterClass tearDown" time="0.0" classname="com.hotels.rajib_maven4617.rajibTest1">
    <skipped/>
  </testcase> <!-- @AfterClass tearDown -->
  <testcase name="@BeforeClass inirtializeDriver" time="0.0" classname="com.hotels.rajib_maven4617.rajibTest2">
    <skipped/>
  </testcase> <!-- @BeforeClass inirtializeDriver -->
  <testcase name="@AfterClass tearDown" time="0.0" classname="com.hotels.rajib_maven4617.rajibTest2">
    <skipped/>
  </testcase> <!-- @AfterClass tearDown -->
  <testcase name="@BeforeClass inirtializeDriver" time="0.0" classname="com.hotels.rajib_maven4617.rajibTest3">
    <skipped/>
  </testcase> <!-- @BeforeClass inirtializeDriver -->
  <testcase name="@AfterClass tearDown" time="0.0" classname="com.hotels.rajib_maven4617.rajibTest3">
    <skipped/>
  </testcase> <!-- @AfterClass tearDown -->
  <testcase name="@BeforeClass inirtializeDriver" time="0.0" classname="com.hotels.rajib_maven4617.rajibTest4">
    <skipped/>
  </testcase> <!-- @BeforeClass inirtializeDriver -->
  <testcase name="@AfterClass tearDown" time="0.0" classname="com.hotels.rajib_maven4617.rajibTest4">
    <skipped/>
  </testcase> <!-- @AfterClass tearDown -->
  <testcase name="@BeforeClass inirtializeDriver" time="0.0" classname="com.hotels.rajib_maven4617.rajibTest5">
    <skipped/>
  </testcase> <!-- @BeforeClass inirtializeDriver -->
  <testcase name="@AfterClass tearDown" time="0.0" classname="com.hotels.rajib_maven4617.rajibTest5">
    <skipped/>
  </testcase> <!-- @AfterClass tearDown -->
  <testcase name="@BeforeClass inirtializeDriver" time="0.0" classname="com.hotels.rajib_maven4617.rajibTest6">
    <skipped/>
  </testcase> <!-- @BeforeClass inirtializeDriver -->
  <testcase name="@AfterClass tearDown" time="0.0" classname="com.hotels.rajib_maven4617.rajibTest6">
    <skipped/>
  </testcase> <!-- @AfterClass tearDown -->
  <testcase name="@BeforeClass inirtializeDriver" time="0.0" classname="com.hotels.rajib_maven4617.rajibTest7">
    <skipped/>
  </testcase> <!-- @BeforeClass inirtializeDriver -->
  <testcase name="@AfterClass tearDown" time="0.0" classname="com.hotels.rajib_maven4617.rajibTest7">
    <skipped/>
  </testcase> <!-- @AfterClass tearDown -->
  <testcase name="@BeforeClass inirtializeDriver" time="0.0" classname="com.hotels.rajib_maven4617.rajibTest8">
    <skipped/>
  </testcase> <!-- @BeforeClass inirtializeDriver -->
  <testcase name="@AfterClass tearDown" time="0.0" classname="com.hotels.rajib_maven4617.rajibTest8">
    <skipped/>
  </testcase> <!-- @AfterClass tearDown -->
  <testcase name="testOnSignupPage" time="0.0" classname="com.hotels.rajib_maven4617.rajibTest1">
    <skipped/>
  </testcase> <!-- testOnSignupPage -->
  <testcase name="hotelSearch" time="0.0" classname="com.hotels.rajib_maven4617.rajibTest2">
    <skipped/>
  </testcase> <!-- hotelSearch -->
  <testcase name="checkWithFacebookID" time="0.0" classname="com.hotels.rajib_maven4617.rajibTest3">
    <skipped/>
  </testcase> <!-- checkWithFacebookID -->
  <testcase name="dateCheck" time="0.0" classname="com.hotels.rajib_maven4617.rajibTest4">
    <skipped/>
  </testcase> <!-- dateCheck -->
  <testcase name="completeSearch" time="0.0" classname="com.hotels.rajib_maven4617.rajibTest5">
    <skipped/>
  </testcase> <!-- completeSearch -->
  <testcase name="userAccount" time="0.0" classname="com.hotels.rajib_maven4617.rajibTest6">
    <skipped/>
  </testcase> <!-- userAccount -->
  <testcase name="googleAccount" time="0.0" classname="com.hotels.rajib_maven4617.rajibTest7">
    <skipped/>
  </testcase> <!-- googleAccount -->
  <testcase name="check" time="0.0" classname="com.hotels.rajib_maven4617.rajibTest8">
    <skipped/>
  </testcase> <!-- check -->
</testsuite> <!-- Test -->
